<?xml version="1.0" encoding="UTF-8"?>
<!-- Generated by org.testng.reporters.JUnitReportReporter -->
<testsuite hostname="HP" failures="0" tests="1" name="com.framework.traveltest.Travel" time="50.229" errors="0" timestamp="2022-02-24T17:47:31 IST" skipped="0">
  <testcase classname="com.framework.traveltest.Travel" name="verifyBrowser" time="50.229"/>
  <system-out/>
</testsuite> <!-- com.framework.traveltest.Travel -->
